android/app/build/intermediates/manifest_merge_blame_file/release/manifest-merger-blame-release-report.txt
1<?xml version="1.0" encoding="utf-8"?>
2<manifest xmlns:android="http://schemas.android.com/apk/res/android"
3    package="com.smartexpensetracker"
4    android:versionCode="1"
5    android:versionName="1.0" >
6
7    <uses-sdk
8        android:minSdkVersion="21"
9        android:targetSdkVersion="35" />
10
11    <uses-permission android:name="android.permission.INTERNET" />
11-->src/main/AndroidManifest.xml:5:5-67
11-->src/main/AndroidManifest.xml:5:22-64
12    <uses-permission android:name="android.permission.READ_SMS" />
12-->src/main/AndroidManifest.xml:6:5-67
12-->src/main/AndroidManifest.xml:6:22-64
13    <uses-permission android:name="android.permission.RECEIVE_SMS" />
13-->src/main/AndroidManifest.xml:7:5-70
13-->src/main/AndroidManifest.xml:7:22-67
14    <uses-permission android:name="android.permission.READ_PHONE_STATE" />
14-->src/main/AndroidManifest.xml:8:5-75
14-->src/main/AndroidManifest.xml:8:22-72
15
16    <uses-feature
16-->src/main/AndroidManifest.xml:9:5-87
17        android:name="android.hardware.telephony"
17-->src/main/AndroidManifest.xml:9:19-60
18        android:required="true" />
18-->src/main/AndroidManifest.xml:9:61-84
19
20    <uses-permission android:name="android.permission.WRITE_EXTERNAL_STORAGE" />
21    <uses-permission android:name="android.permission.READ_EXTERNAL_STORAGE" />
22    <uses-permission android:name="android.permission.ACCESS_WIFI_STATE" />
22-->[com.facebook.flipper:flipper:0.125.0] AndroidManifest.xml:16:5-76
22-->[com.facebook.flipper:flipper:0.125.0] AndroidManifest.xml:16:22-73
23
24    <permission
24-->[androidx.core:core:1.9.0] AndroidManifest.xml:22:5-24:47
25        android:name="com.smartexpensetracker.DYNAMIC_RECEIVER_NOT_EXPORTED_PERMISSION"
25-->[androidx.core:core:1.9.0] AndroidManifest.xml:23:9-81
26        android:protectionLevel="signature" />
26-->[androidx.core:core:1.9.0] AndroidManifest.xml:24:9-44
27
28    <uses-permission android:name="com.smartexpensetracker.DYNAMIC_RECEIVER_NOT_EXPORTED_PERMISSION" />
28-->[androidx.core:core:1.9.0] AndroidManifest.xml:26:5-97
28-->[androidx.core:core:1.9.0] AndroidManifest.xml:26:22-94
29
30    <application
30-->src/main/AndroidManifest.xml:11:5-30:19
31        android:name="com.smartexpensetracker.MainApplication"
31-->src/main/AndroidManifest.xml:12:7-38
32        android:allowBackup="false"
32-->src/main/AndroidManifest.xml:16:7-34
33        android:appComponentFactory="androidx.core.app.CoreComponentFactory"
33-->[androidx.core:core:1.9.0] AndroidManifest.xml:28:18-86
34        android:extractNativeLibs="true"
35        android:icon="@mipmap/ic_launcher"
35-->src/main/AndroidManifest.xml:14:7-41
36        android:label="@string/app_name"
36-->src/main/AndroidManifest.xml:13:7-39
37        android:roundIcon="@mipmap/ic_launcher_round"
37-->src/main/AndroidManifest.xml:15:7-52
38        android:theme="@style/AppTheme" >
38-->src/main/AndroidManifest.xml:17:7-38
39        <activity
39-->src/main/AndroidManifest.xml:18:7-29:18
40            android:name="com.smartexpensetracker.MainActivity"
40-->src/main/AndroidManifest.xml:19:9-37
41            android:configChanges="keyboard|keyboardHidden|orientation|screenLayout|screenSize|smallestScreenSize|uiMode"
41-->src/main/AndroidManifest.xml:21:9-118
42            android:exported="true"
42-->src/main/AndroidManifest.xml:24:9-32
43            android:label="@string/app_name"
43-->src/main/AndroidManifest.xml:20:9-41
44            android:launchMode="singleTask"
44-->src/main/AndroidManifest.xml:22:9-40
45            android:windowSoftInputMode="adjustResize" >
45-->src/main/AndroidManifest.xml:23:9-51
46            <intent-filter>
46-->src/main/AndroidManifest.xml:25:9-28:25
47                <action android:name="android.intent.action.MAIN" />
47-->src/main/AndroidManifest.xml:26:13-65
47-->src/main/AndroidManifest.xml:26:21-62
48
49                <category android:name="android.intent.category.LAUNCHER" />
49-->src/main/AndroidManifest.xml:27:13-73
49-->src/main/AndroidManifest.xml:27:23-70
50            </intent-filter>
51        </activity>
52        <activity
52-->[com.google.android.gms:play-services-auth:21.3.0] AndroidManifest.xml:23:9-27:75
53            android:name="com.google.android.gms.auth.api.signin.internal.SignInHubActivity"
53-->[com.google.android.gms:play-services-auth:21.3.0] AndroidManifest.xml:24:13-93
54            android:excludeFromRecents="true"
54-->[com.google.android.gms:play-services-auth:21.3.0] AndroidManifest.xml:25:13-46
55            android:exported="false"
55-->[com.google.android.gms:play-services-auth:21.3.0] AndroidManifest.xml:26:13-37
56            android:theme="@android:style/Theme.Translucent.NoTitleBar" />
56-->[com.google.android.gms:play-services-auth:21.3.0] AndroidManifest.xml:27:13-72
57        <!--
58            Service handling Google Sign-In user revocation. For apps that do not integrate with
59            Google Sign-In, this service will never be started.
60        -->
61        <service
61-->[com.google.android.gms:play-services-auth:21.3.0] AndroidManifest.xml:33:9-37:51
62            android:name="com.google.android.gms.auth.api.signin.RevocationBoundService"
62-->[com.google.android.gms:play-services-auth:21.3.0] AndroidManifest.xml:34:13-89
63            android:exported="true"
63-->[com.google.android.gms:play-services-auth:21.3.0] AndroidManifest.xml:35:13-36
64            android:permission="com.google.android.gms.auth.api.signin.permission.REVOCATION_NOTIFICATION"
64-->[com.google.android.gms:play-services-auth:21.3.0] AndroidManifest.xml:36:13-107
65            android:visibleToInstantApps="true" />
65-->[com.google.android.gms:play-services-auth:21.3.0] AndroidManifest.xml:37:13-48
66
67        <activity
67-->[com.google.android.gms:play-services-base:18.5.0] AndroidManifest.xml:5:9-173
68            android:name="com.google.android.gms.common.api.GoogleApiActivity"
68-->[com.google.android.gms:play-services-base:18.5.0] AndroidManifest.xml:5:19-85
69            android:exported="false"
69-->[com.google.android.gms:play-services-base:18.5.0] AndroidManifest.xml:5:146-170
70            android:theme="@android:style/Theme.Translucent.NoTitleBar" />
70-->[com.google.android.gms:play-services-base:18.5.0] AndroidManifest.xml:5:86-145
71
72        <meta-data
72-->[com.google.android.gms:play-services-basement:18.4.0] AndroidManifest.xml:6:9-122
73            android:name="com.google.android.gms.version"
73-->[com.google.android.gms:play-services-basement:18.4.0] AndroidManifest.xml:6:20-65
74            android:value="@integer/google_play_services_version" />
74-->[com.google.android.gms:play-services-basement:18.4.0] AndroidManifest.xml:6:66-119
75
76        <provider
76-->[androidx.emoji2:emoji2:1.2.0] AndroidManifest.xml:24:9-32:20
77            android:name="androidx.startup.InitializationProvider"
77-->[androidx.emoji2:emoji2:1.2.0] AndroidManifest.xml:25:13-67
78            android:authorities="com.smartexpensetracker.androidx-startup"
78-->[androidx.emoji2:emoji2:1.2.0] AndroidManifest.xml:26:13-68
79            android:exported="false" >
79-->[androidx.emoji2:emoji2:1.2.0] AndroidManifest.xml:27:13-37
80            <meta-data
80-->[androidx.emoji2:emoji2:1.2.0] AndroidManifest.xml:29:13-31:52
81                android:name="androidx.emoji2.text.EmojiCompatInitializer"
81-->[androidx.emoji2:emoji2:1.2.0] AndroidManifest.xml:30:17-75
82                android:value="androidx.startup" />
82-->[androidx.emoji2:emoji2:1.2.0] AndroidManifest.xml:31:17-49
83            <meta-data
83-->[androidx.lifecycle:lifecycle-process:2.4.1] AndroidManifest.xml:31:13-33:52
84                android:name="androidx.lifecycle.ProcessLifecycleInitializer"
84-->[androidx.lifecycle:lifecycle-process:2.4.1] AndroidManifest.xml:32:17-78
85                android:value="androidx.startup" />
85-->[androidx.lifecycle:lifecycle-process:2.4.1] AndroidManifest.xml:33:17-49
86        </provider>
87
88        <meta-data
88-->[com.facebook.soloader:soloader:0.10.5] AndroidManifest.xml:12:9-14:37
89            android:name="com.facebook.soloader.enabled"
89-->[com.facebook.soloader:soloader:0.10.5] AndroidManifest.xml:13:13-57
90            android:value="false" />
90-->[com.facebook.soloader:soloader:0.10.5] AndroidManifest.xml:14:13-34
91    </application>
92
93</manifest>